<?xml version="1.0" encoding="UTF-8"?>
<testsuite xmlns:xsi="http://www.w3.org/2001/XMLSchema-instance" xsi:noNamespaceSchemaLocation="https://maven.apache.org/surefire/maven-surefire-plugin/xsd/surefire-test-report.xsd" name="org.apache.http.nio.protocol.TestHttpAsyncService" time="0.04" tests="47" errors="0" skipped="0" failures="0">
  <properties>
[...]
</properties>
  <testcase name="testRequestContentCompleted" classname="org.apache.http.nio.protocol.TestHttpAsyncService" time="0.013"/>
  <testcase name="testEndOfInput" classname="org.apache.http.nio.protocol.TestHttpAsyncService" time="0.001"/>
  <testcase name="testRequestExpectationNoHandshakeIfMoreInputAvailable" classname="org.apache.http.nio.protocol.TestHttpAsyncService" time="0.004"/>
  <testcase name="testBasicResponseNoKeepAlive" classname="org.apache.http.nio.protocol.TestHttpAsyncService" time="0"/>
  <testcase name="testInvalidResponseStatusToExpection" classname="org.apache.http.nio.protocol.TestHttpAsyncService" time="0.001"/>
  <testcase name="testResponseFailedExpectation" classname="org.apache.http.nio.protocol.TestHttpAsyncService" time="0"/>
  <testcase name="testResponseToHead" classname="org.apache.http.nio.protocol.TestHttpAsyncService" time="0.001"/>
  <testcase name="testResponseContentCompletedNoKeepAlive" classname="org.apache.http.nio.protocol.TestHttpAsyncService" time="0.001"/>
  <testcase name="testResponseTrigger" classname="org.apache.http.nio.protocol.TestHttpAsyncService" time="0"/>
  <testcase name="testBasicResponseWithPipelining" classname="org.apache.http.nio.protocol.TestHttpAsyncService" time="0.001"/>
  <testcase name="testTimeoutActiveConnection" classname="org.apache.http.nio.protocol.TestHttpAsyncService" time="0.001"/>
  <testcase name="testResponseContinue" classname="org.apache.http.nio.protocol.TestHttpAsyncService" time="0"/>
  <testcase name="testRequestExpectationNoHandshakeIfPipelineNotEmpty" classname="org.apache.http.nio.protocol.TestHttpAsyncService" time="0.001"/>
  <testcase name="testEntityEnclosingRequest" classname="org.apache.http.nio.protocol.TestHttpAsyncService" time="0"/>
  <testcase name="testExceptionHandlingNoState" classname="org.apache.http.nio.protocol.TestHttpAsyncService" time="0.001"/>
  <testcase name="testBasicRequest" classname="org.apache.http.nio.protocol.TestHttpAsyncService" time="0.001"/>
  <testcase name="testExceptionHandlingRuntimeException" classname="org.apache.http.nio.protocol.TestHttpAsyncService" time="0.001"/>
  <testcase name="testBasicResponse" classname="org.apache.http.nio.protocol.TestHttpAsyncService" time="0.001"/>
  <testcase name="testConnected" classname="org.apache.http.nio.protocol.TestHttpAsyncService" time="0"/>
  <testcase name="testResponseTriggerInvalidResponseProducer" classname="org.apache.http.nio.protocol.TestHttpAsyncService" time="0"/>
  <testcase name="testEntityEnclosingResponse" classname="org.apache.http.nio.protocol.TestHttpAsyncService" time="0.001"/>
  <testcase name="testRequestPipelineIfResponseInitiated" classname="org.apache.http.nio.protocol.TestHttpAsyncService" time="0"/>
  <testcase name="testResponsePipelinedEmpty" classname="org.apache.http.nio.protocol.TestHttpAsyncService" time="0.001"/>
  <testcase name="testEntityEnclosingRequestContinueWithoutVerification" classname="org.apache.http.nio.protocol.TestHttpAsyncService" time="0"/>
  <testcase name="testHttpExceptionHandling" classname="org.apache.http.nio.protocol.TestHttpAsyncService" time="0.001"/>
  <testcase name="testResponseNotModified" classname="org.apache.http.nio.protocol.TestHttpAsyncService" time="0"/>
  <testcase name="testRequestPipelineIfPipelineNotEmpty" classname="org.apache.http.nio.protocol.TestHttpAsyncService" time="0"/>
  <testcase name="testRequestNoMatchingHandler" classname="org.apache.http.nio.protocol.TestHttpAsyncService" time="0.001"/>
  <testcase name="testHttpExceptionHandlingResponseSubmitted" classname="org.apache.http.nio.protocol.TestHttpAsyncService" time="0"/>
  <testcase name="testRequestExpectationFailed" classname="org.apache.http.nio.protocol.TestHttpAsyncService" time="0.001"/>
  <testcase name="testRequestExpectationFailedInvalidResponseProducer" classname="org.apache.http.nio.protocol.TestHttpAsyncService" time="0"/>
  <testcase name="testClosed" classname="org.apache.http.nio.protocol.TestHttpAsyncService" time="0"/>
  <testcase name="testResponseContentCompleted" classname="org.apache.http.nio.protocol.TestHttpAsyncService" time="0"/>
  <testcase name="testResponseContent" classname="org.apache.http.nio.protocol.TestHttpAsyncService" time="0.001"/>
  <testcase name="testResponseHandlePipelinedRequest" classname="org.apache.http.nio.protocol.TestHttpAsyncService" time="0"/>
  <testcase name="testTimeoutClosingConnection" classname="org.apache.http.nio.protocol.TestHttpAsyncService" time="0.001"/>
  <testcase name="testInvalidConstruction" classname="org.apache.http.nio.protocol.TestHttpAsyncService" time="0"/>
  <testcase name="testRequestExpectationNoHandshakeIfResponseInitiated" classname="org.apache.http.nio.protocol.TestHttpAsyncService" time="0"/>
  <testcase name="testEndOfInputNoTimeout" classname="org.apache.http.nio.protocol.TestHttpAsyncService" time="0"/>
  <testcase name="testRequestContinue" classname="org.apache.http.nio.protocol.TestHttpAsyncService" time="0.001"/>
  <testcase name="testInvalidResponseStatus" classname="org.apache.http.nio.protocol.TestHttpAsyncService" time="0"/>
  <testcase name="testHttpExceptionHandlingIOException" classname="org.apache.http.nio.protocol.TestHttpAsyncService" time="0"/>
  <testcase name="testRequestCompletedWithException" classname="org.apache.http.nio.protocol.TestHttpAsyncService" time="0.001"/>
  <testcase name="testTimeoutActiveConnectionBufferedData" classname="org.apache.http.nio.protocol.TestHttpAsyncService" time="0"/>
  <testcase name="testResponseHandleFailedPipelinedRequest" classname="org.apache.http.nio.protocol.TestHttpAsyncService" time="0.001"/>
  <testcase name="testEntityEnclosingRequestExpectationVerification" classname="org.apache.http.nio.protocol.TestHttpAsyncService" time="0.002"/>
  <testcase name="testRequestContent" classname="org.apache.http.nio.protocol.TestHttpAsyncService" time="0"/>
</testsuite>