<?xml version="1.0" encoding="UTF-8"?>
<testsuite xmlns:xsi="http://www.w3.org/2001/XMLSchema-instance" xsi:noNamespaceSchemaLocation="https://maven.apache.org/surefire/maven-surefire-plugin/xsd/surefire-test-report.xsd" name="org.apache.http.protocol.TestStandardInterceptors" time="0.013" tests="70" errors="0" skipped="0" failures="0">
  <properties>
[...]
</properties>
  <testcase name="testRequestUserAgentNotGenerated" classname="org.apache.http.protocol.TestStandardInterceptors" time="0"/>
  <testcase name="testRequestUserAgentInvalidInput" classname="org.apache.http.protocol.TestStandardInterceptors" time="0"/>
  <testcase name="testResponseContentEntityContentLenghtDelimited" classname="org.apache.http.protocol.TestStandardInterceptors" time="0"/>
  <testcase name="testResponseConnControlStatusCode" classname="org.apache.http.protocol.TestStandardInterceptors" time="0"/>
  <testcase name="testRequestUserAgentGenerated" classname="org.apache.http.protocol.TestStandardInterceptors" time="0"/>
  <testcase name="testResponseContentEntityNoContentTypeAndEncoding" classname="org.apache.http.protocol.TestStandardInterceptors" time="0"/>
  <testcase name="testResponseContentStatusResetContent" classname="org.apache.http.protocol.TestStandardInterceptors" time="0"/>
  <testcase name="testResponseContentStatusNoContent" classname="org.apache.http.protocol.TestStandardInterceptors" time="0"/>
  <testcase name="testRequestConnControlInvalidInput" classname="org.apache.http.protocol.TestStandardInterceptors" time="0"/>
  <testcase name="testResponseConnControlEntityContentLength" classname="org.apache.http.protocol.TestStandardInterceptors" time="0"/>
  <testcase name="testRequestTargetHostConnectHttp10" classname="org.apache.http.protocol.TestStandardInterceptors" time="0.001"/>
  <testcase name="testRequestTargetHostConnectHttp11" classname="org.apache.http.protocol.TestStandardInterceptors" time="0"/>
  <testcase name="testRequestContentEntityContentLengthDelimitedHTTP11" classname="org.apache.http.protocol.TestStandardInterceptors" time="0"/>
  <testcase name="testRequestContentEntityUnknownLengthHTTP10" classname="org.apache.http.protocol.TestStandardInterceptors" time="0"/>
  <testcase name="testRequestContentEntityUnknownLengthHTTP11" classname="org.apache.http.protocol.TestStandardInterceptors" time="0"/>
  <testcase name="testRequestTargetHostMissingHostHTTP10" classname="org.apache.http.protocol.TestStandardInterceptors" time="0"/>
  <testcase name="testRequestTargetHostMissingHostHTTP11" classname="org.apache.http.protocol.TestStandardInterceptors" time="0"/>
  <testcase name="testResponseContentOverwriteHeaders" classname="org.apache.http.protocol.TestStandardInterceptors" time="0"/>
  <testcase name="testRequestContentOverwriteHeaders" classname="org.apache.http.protocol.TestStandardInterceptors" time="0"/>
  <testcase name="testResponseConnControl10Client11Response" classname="org.apache.http.protocol.TestStandardInterceptors" time="0"/>
  <testcase name="testRequestExpectContinueZeroContent" classname="org.apache.http.protocol.TestStandardInterceptors" time="0"/>
  <testcase name="testRequestTargetHostNotGenerated" classname="org.apache.http.protocol.TestStandardInterceptors" time="0"/>
  <testcase name="testResponseContentEntityChunked" classname="org.apache.http.protocol.TestStandardInterceptors" time="0"/>
  <testcase name="testRequestContentProtocolException" classname="org.apache.http.protocol.TestStandardInterceptors" time="0"/>
  <testcase name="testResponseContentInvalidInput" classname="org.apache.http.protocol.TestStandardInterceptors" time="0"/>
  <testcase name="testRequestTargetHostInvalidInput" classname="org.apache.http.protocol.TestStandardInterceptors" time="0"/>
  <testcase name="testRequestExpectContinueGenerated" classname="org.apache.http.protocol.TestStandardInterceptors" time="0"/>
  <testcase name="testRequestExpectContinueInvalidInput" classname="org.apache.http.protocol.TestStandardInterceptors" time="0"/>
  <testcase name="testResponseDateNotGenerated" classname="org.apache.http.protocol.TestStandardInterceptors" time="0"/>
  <testcase name="testResponseDateInvalidInput" classname="org.apache.http.protocol.TestStandardInterceptors" time="0"/>
  <testcase name="testRequestDateGenerated" classname="org.apache.http.protocol.TestStandardInterceptors" time="0.001"/>
  <testcase name="testRequestExpectContinueIgnoreNonenclosingRequests" classname="org.apache.http.protocol.TestStandardInterceptors" time="0"/>
  <testcase name="testResponseConnControlEntityChunked" classname="org.apache.http.protocol.TestStandardInterceptors" time="0"/>
  <testcase name="testRequestContentEntityChunkedHTTP10" classname="org.apache.http.protocol.TestStandardInterceptors" time="0"/>
  <testcase name="testRequestContentEntityChunkedHTTP11" classname="org.apache.http.protocol.TestStandardInterceptors" time="0"/>
  <testcase name="testResponseServerNotGenerated" classname="org.apache.http.protocol.TestStandardInterceptors" time="0"/>
  <testcase name="testRequestContentInvalidInput" classname="org.apache.http.protocol.TestStandardInterceptors" time="0"/>
  <testcase name="testRequestContentNullEntity" classname="org.apache.http.protocol.TestStandardInterceptors" time="0"/>
  <testcase name="testResponseServerInvalidInput" classname="org.apache.http.protocol.TestStandardInterceptors" time="0"/>
  <testcase name="testResponseContentEntityUnknownContentLength" classname="org.apache.http.protocol.TestStandardInterceptors" time="0"/>
  <testcase name="testResponseConnControlHostInvalidInput" classname="org.apache.http.protocol.TestStandardInterceptors" time="0"/>
  <testcase name="testResponseContentStatusNotModified" classname="org.apache.http.protocol.TestStandardInterceptors" time="0"/>
  <testcase name="testResponseContentAddHeaders" classname="org.apache.http.protocol.TestStandardInterceptors" time="0"/>
  <testcase name="testResponseServerGenerated" classname="org.apache.http.protocol.TestStandardInterceptors" time="0"/>
  <testcase name="testResponseConnControlEntityUnknownContentLength" classname="org.apache.http.protocol.TestStandardInterceptors" time="0"/>
  <testcase name="testRequestConnControlGenerated" classname="org.apache.http.protocol.TestStandardInterceptors" time="0"/>
  <testcase name="testResponseContentInvalidResponseState" classname="org.apache.http.protocol.TestStandardInterceptors" time="0"/>
  <testcase name="testRequestDateNotGenerated" classname="org.apache.http.protocol.TestStandardInterceptors" time="0"/>
  <testcase name="testResponseConnControlNoEntity" classname="org.apache.http.protocol.TestStandardInterceptors" time="0"/>
  <testcase name="testRequestDateInvalidInput" classname="org.apache.http.protocol.TestStandardInterceptors" time="0"/>
  <testcase name="testRequestExpectContinueHTTP10" classname="org.apache.http.protocol.TestStandardInterceptors" time="0"/>
  <testcase name="testRequestTargetHostFallback" classname="org.apache.http.protocol.TestStandardInterceptors" time="0.006"/>
  <testcase name="testRequestContentNullTypeAndEncoding" classname="org.apache.http.protocol.TestStandardInterceptors" time="0"/>
  <testcase name="testRequestContentAddHeaders" classname="org.apache.http.protocol.TestStandardInterceptors" time="0"/>
  <testcase name="testRequestContentIgnoreNonenclosingRequests" classname="org.apache.http.protocol.TestStandardInterceptors" time="0"/>
  <testcase name="testRequestConnControlConnectMethod" classname="org.apache.http.protocol.TestStandardInterceptors" time="0"/>
  <testcase name="testRequestConnControlCustom" classname="org.apache.http.protocol.TestStandardInterceptors" time="0"/>
  <testcase name="testRequestTargetHostGenerated" classname="org.apache.http.protocol.TestStandardInterceptors" time="0"/>
  <testcase name="testRequestTargetHostFallbackFailure" classname="org.apache.http.protocol.TestStandardInterceptors" time="0.001"/>
  <testcase name="testResponseConnControlClientRequest2" classname="org.apache.http.protocol.TestStandardInterceptors" time="0"/>
  <testcase name="testResponseContentEntityChunkedHTTP10" classname="org.apache.http.protocol.TestStandardInterceptors" time="0"/>
  <testcase name="testResponseContentEntityContentTypeAndEncoding" classname="org.apache.http.protocol.TestStandardInterceptors" time="0"/>
  <testcase name="testRequestContentTypeAndEncoding" classname="org.apache.http.protocol.TestStandardInterceptors" time="0"/>
  <testcase name="testResponseContentNoEntity" classname="org.apache.http.protocol.TestStandardInterceptors" time="0"/>
  <testcase name="testResponseConnControlEntityUnknownContentLengthHTTP10" classname="org.apache.http.protocol.TestStandardInterceptors" time="0"/>
  <testcase name="testResponseConnControlClientRequest" classname="org.apache.http.protocol.TestStandardInterceptors" time="0"/>
  <testcase name="testResponseConnControlExplicitClose" classname="org.apache.http.protocol.TestStandardInterceptors" time="0"/>
  <testcase name="testResponseDateGenerated" classname="org.apache.http.protocol.TestStandardInterceptors" time="0"/>
  <testcase name="testResponseServerMissing" classname="org.apache.http.protocol.TestStandardInterceptors" time="0"/>
  <testcase name="testRequestUserAgentMissingUserAgent" classname="org.apache.http.protocol.TestStandardInterceptors" time="0"/>
</testsuite>